[2025-08-06T07:30:08.087Z] [INFO] [crawler] Fetching BRDR page 1...
[2025-08-06T07:30:08.091Z] [DEBUG] [crawler] API request payload | {"langCode":"eng","pageNumber":"1","pageSize":"20","sortBy":"RELEVANCE","docSrchCriteriaDtoList":[{"fieldCode":"version","valueList":["CURRENT"]},{"fieldCode":"language","valueList":["eng"]},{"fieldCode":"issueDateGrp","valueList":["THIS_YEAR"]}]}
[2025-08-06T07:30:08.764Z] [INFO] [crawler] BRDR API response received: 20 documents, 73 total records | {"pageNumber":1,"documentsCount":20,"totalRecords":73,"statusCode":200}
[2025-08-06T07:30:08.778Z] [INFO] [crawler] Fetching BRDR page 1...
[2025-08-06T07:30:08.781Z] [DEBUG] [crawler] API request payload | {"langCode":"eng","pageNumber":"1","pageSize":"20","sortBy":"RELEVANCE","docSrchCriteriaDtoList":[{"fieldCode":"version","valueList":["CURRENT"]},{"fieldCode":"language","valueList":["eng"]},{"fieldCode":"issueDateGrp","valueList":["THIS_YEAR"]}]}
[2025-08-06T07:30:09.144Z] [INFO] [crawler] BRDR API response received: 20 documents, 73 total records | {"pageNumber":1,"documentsCount":20,"totalRecords":73,"statusCode":200}
[2025-08-06T07:31:57.837Z] [AUDIT] [crawler] Crawl success: test-doc-123 | {"docId":"test-doc-123","source":"BRDRAPI","status":"success","contentLength":1500,"metadata":{"type":"circular","issueDate":"2025-01-15"}}
[2025-08-06T08:31:52.645Z] [INFO] [crawler] BRDR data mapping for document: 20250203-4-EN | {"docId":"20250203-4-EN","docUuid":null,"docTypeCode":"CIR","docTypeDesc":"CIR - Circular","versionCode":"Current","docLongTitle":"Circular Issued by the Securities and Futures Commission on Deficiencies and Substandard Conduct Noted in the Management of Private Funds and Discretionary Accounts","docDesc":null,"issueDate":"2025-01-27T16:00:00.000+00:00","guidelineNo":null,"supersessionDate":null,"topicsCount":2,"keywordsCount":0,"aiTypesCount":0,"viewsCount":0,"relatedDocsCount":0,"versionHistoryCount":0,"referenceDocsCount":0,"supersededDocsCount":0,"extractedConcepts":["CIR - Circular","Miscellaneous","SFC/IA/MPFA","Wealth Management & MPF","Securities/investment products"],"extractedTopics":["Miscellaneous: SFC/IA/MPFA","Wealth Management & MPF: Securities/investment products"]}
[2025-08-06T08:38:41.042Z] [INFO] [crawler] Fetching BRDR page 1...
[2025-08-06T08:38:41.043Z] [DEBUG] [crawler] API request payload | {"langCode":"eng","pageNumber":"1","pageSize":"20","sortBy":"RELEVANCE","docSrchCriteriaDtoList":[{"fieldCode":"version","valueList":["CURRENT"]},{"fieldCode":"language","valueList":["eng"]},{"fieldCode":"issueDateGrp","valueList":["THIS_YEAR"]}]}
[2025-08-06T08:38:41.610Z] [INFO] [crawler] BRDR API response received: 20 documents, 73 total records | {"pageNumber":1,"documentsCount":20,"totalRecords":73,"statusCode":200}
[2025-08-06T08:39:22.528Z] [INFO] [crawler] Fetching BRDR page 1...
[2025-08-06T08:39:22.529Z] [DEBUG] [crawler] API request payload | {"langCode":"eng","pageNumber":"1","pageSize":"20","sortBy":"RELEVANCE","docSrchCriteriaDtoList":[{"fieldCode":"version","valueList":["CURRENT"]},{"fieldCode":"language","valueList":["eng"]},{"fieldCode":"issueDateGrp","valueList":["THIS_YEAR"]}]}
[2025-08-06T08:39:23.142Z] [INFO] [crawler] BRDR API response received: 20 documents, 73 total records | {"pageNumber":1,"documentsCount":20,"totalRecords":73,"statusCode":200}
[2025-08-06T08:47:03.308Z] [INFO] [crawler] Fetching BRDR page 1...
[2025-08-06T08:47:03.309Z] [DEBUG] [crawler] API request payload | {"langCode":"eng","pageNumber":"1","pageSize":"20","sortBy":"RELEVANCE","docSrchCriteriaDtoList":[{"fieldCode":"version","valueList":["CURRENT"]},{"fieldCode":"language","valueList":["eng"]},{"fieldCode":"issueDateGrp","valueList":["THIS_YEAR"]}]}
[2025-08-06T08:47:04.069Z] [INFO] [crawler] BRDR API response received: 20 documents, 73 total records | {"pageNumber":1,"documentsCount":20,"totalRecords":73,"statusCode":200}
[2025-08-06T08:59:36.978Z] [INFO] [crawler] Fetching BRDR page 1...
[2025-08-06T08:59:36.979Z] [DEBUG] [crawler] API request payload | {"langCode":"eng","pageNumber":"1","pageSize":"20","sortBy":"RELEVANCE","docSrchCriteriaDtoList":[{"fieldCode":"version","valueList":["CURRENT"]},{"fieldCode":"language","valueList":["eng"]},{"fieldCode":"issueDateGrp","valueList":["THIS_YEAR"]}]}
[2025-08-06T08:59:37.508Z] [INFO] [crawler] BRDR API response received: 20 documents, 73 total records | {"pageNumber":1,"documentsCount":20,"totalRecords":73,"statusCode":200}
[2025-08-06T08:59:37.514Z] [INFO] [crawler] Fetching BRDR page 1...
[2025-08-06T08:59:37.515Z] [DEBUG] [crawler] API request payload | {"langCode":"eng","pageNumber":"1","pageSize":"20","sortBy":"RELEVANCE","docSrchCriteriaDtoList":[{"fieldCode":"version","valueList":["CURRENT"]},{"fieldCode":"language","valueList":["eng"]},{"fieldCode":"issueDateGrp","valueList":["THIS_YEAR"]}]}
[2025-08-06T08:59:37.856Z] [INFO] [crawler] BRDR API response received: 20 documents, 73 total records | {"pageNumber":1,"documentsCount":20,"totalRecords":73,"statusCode":200}
[2025-08-06T08:59:37.972Z] [INFO] [crawler] Fetching BRDR page 2...
[2025-08-06T08:59:37.976Z] [DEBUG] [crawler] API request payload | {"langCode":"eng","pageNumber":"2","pageSize":"20","sortBy":"RELEVANCE","docSrchCriteriaDtoList":[{"fieldCode":"version","valueList":["CURRENT"]},{"fieldCode":"language","valueList":["eng"]},{"fieldCode":"issueDateGrp","valueList":["THIS_YEAR"]}]}
[2025-08-06T08:59:38.346Z] [INFO] [crawler] BRDR API response received: 20 documents, 73 total records | {"pageNumber":2,"documentsCount":20,"totalRecords":73,"statusCode":200}
[2025-08-06T08:59:38.461Z] [INFO] [crawler] Fetching BRDR page 3...
[2025-08-06T08:59:38.465Z] [DEBUG] [crawler] API request payload | {"langCode":"eng","pageNumber":"3","pageSize":"20","sortBy":"RELEVANCE","docSrchCriteriaDtoList":[{"fieldCode":"version","valueList":["CURRENT"]},{"fieldCode":"language","valueList":["eng"]},{"fieldCode":"issueDateGrp","valueList":["THIS_YEAR"]}]}
[2025-08-06T08:59:38.827Z] [INFO] [crawler] BRDR API response received: 20 documents, 73 total records | {"pageNumber":3,"documentsCount":20,"totalRecords":73,"statusCode":200}
[2025-08-06T08:59:38.935Z] [INFO] [crawler] Fetching BRDR page 4...
[2025-08-06T08:59:38.938Z] [DEBUG] [crawler] API request payload | {"langCode":"eng","pageNumber":"4","pageSize":"20","sortBy":"RELEVANCE","docSrchCriteriaDtoList":[{"fieldCode":"version","valueList":["CURRENT"]},{"fieldCode":"language","valueList":["eng"]},{"fieldCode":"issueDateGrp","valueList":["THIS_YEAR"]}]}
[2025-08-06T08:59:39.277Z] [INFO] [crawler] BRDR API response received: 13 documents, 73 total records | {"pageNumber":4,"documentsCount":13,"totalRecords":73,"statusCode":200}
[2025-08-06T09:00:23.257Z] [INFO] [crawler] Fetching BRDR page 1...
[2025-08-06T09:00:23.257Z] [DEBUG] [crawler] API request payload | {"langCode":"eng","pageNumber":"1","pageSize":"20","sortBy":"RELEVANCE","docSrchCriteriaDtoList":[{"fieldCode":"version","valueList":["CURRENT"]},{"fieldCode":"language","valueList":["eng"]},{"fieldCode":"issueDateGrp","valueList":["ALL"]}]}
[2025-08-06T09:00:23.685Z] [INFO] [crawler] BRDR API response received: 20 documents, 1578 total records | {"pageNumber":1,"documentsCount":20,"totalRecords":1578,"statusCode":200}
[2025-08-06T09:00:23.688Z] [INFO] [crawler] Fetching BRDR page 1...
[2025-08-06T09:00:23.689Z] [DEBUG] [crawler] API request payload | {"langCode":"eng","pageNumber":"1","pageSize":"20","sortBy":"RELEVANCE","docSrchCriteriaDtoList":[{"fieldCode":"version","valueList":["CURRENT"]},{"fieldCode":"language","valueList":["eng"]},{"fieldCode":"issueDateGrp","valueList":["ALL"]}]}
[2025-08-06T09:00:24.033Z] [INFO] [crawler] BRDR API response received: 20 documents, 1578 total records | {"pageNumber":1,"documentsCount":20,"totalRecords":1578,"statusCode":200}
[2025-08-06T09:00:24.140Z] [INFO] [crawler] Fetching BRDR page 2...
[2025-08-06T09:00:24.142Z] [DEBUG] [crawler] API request payload | {"langCode":"eng","pageNumber":"2","pageSize":"20","sortBy":"RELEVANCE","docSrchCriteriaDtoList":[{"fieldCode":"version","valueList":["CURRENT"]},{"fieldCode":"language","valueList":["eng"]},{"fieldCode":"issueDateGrp","valueList":["ALL"]}]}
[2025-08-06T09:00:24.534Z] [INFO] [crawler] BRDR API response received: 20 documents, 1578 total records | {"pageNumber":2,"documentsCount":20,"totalRecords":1578,"statusCode":200}
[2025-08-06T09:00:24.642Z] [INFO] [crawler] Fetching BRDR page 3...
[2025-08-06T09:00:24.645Z] [DEBUG] [crawler] API request payload | {"langCode":"eng","pageNumber":"3","pageSize":"20","sortBy":"RELEVANCE","docSrchCriteriaDtoList":[{"fieldCode":"version","valueList":["CURRENT"]},{"fieldCode":"language","valueList":["eng"]},{"fieldCode":"issueDateGrp","valueList":["ALL"]}]}
[2025-08-06T09:00:25.008Z] [INFO] [crawler] BRDR API response received: 20 documents, 1578 total records | {"pageNumber":3,"documentsCount":20,"totalRecords":1578,"statusCode":200}
[2025-08-06T09:00:25.125Z] [INFO] [crawler] Fetching BRDR page 4...
[2025-08-06T09:00:25.127Z] [DEBUG] [crawler] API request payload | {"langCode":"eng","pageNumber":"4","pageSize":"20","sortBy":"RELEVANCE","docSrchCriteriaDtoList":[{"fieldCode":"version","valueList":["CURRENT"]},{"fieldCode":"language","valueList":["eng"]},{"fieldCode":"issueDateGrp","valueList":["ALL"]}]}
[2025-08-06T09:00:25.514Z] [INFO] [crawler] BRDR API response received: 20 documents, 1578 total records | {"pageNumber":4,"documentsCount":20,"totalRecords":1578,"statusCode":200}
[2025-08-06T09:00:25.624Z] [INFO] [crawler] Fetching BRDR page 5...
[2025-08-06T09:00:25.626Z] [DEBUG] [crawler] API request payload | {"langCode":"eng","pageNumber":"5","pageSize":"20","sortBy":"RELEVANCE","docSrchCriteriaDtoList":[{"fieldCode":"version","valueList":["CURRENT"]},{"fieldCode":"language","valueList":["eng"]},{"fieldCode":"issueDateGrp","valueList":["ALL"]}]}
[2025-08-06T09:00:25.981Z] [INFO] [crawler] BRDR API response received: 20 documents, 1578 total records | {"pageNumber":5,"documentsCount":20,"totalRecords":1578,"statusCode":200}
[2025-08-06T09:00:26.106Z] [INFO] [crawler] Fetching BRDR page 6...
[2025-08-06T09:00:26.108Z] [DEBUG] [crawler] API request payload | {"langCode":"eng","pageNumber":"6","pageSize":"20","sortBy":"RELEVANCE","docSrchCriteriaDtoList":[{"fieldCode":"version","valueList":["CURRENT"]},{"fieldCode":"language","valueList":["eng"]},{"fieldCode":"issueDateGrp","valueList":["ALL"]}]}
[2025-08-06T09:00:26.461Z] [INFO] [crawler] BRDR API response received: 20 documents, 1578 total records | {"pageNumber":6,"documentsCount":20,"totalRecords":1578,"statusCode":200}
[2025-08-06T09:00:26.581Z] [INFO] [crawler] Fetching BRDR page 7...
[2025-08-06T09:00:26.583Z] [DEBUG] [crawler] API request payload | {"langCode":"eng","pageNumber":"7","pageSize":"20","sortBy":"RELEVANCE","docSrchCriteriaDtoList":[{"fieldCode":"version","valueList":["CURRENT"]},{"fieldCode":"language","valueList":["eng"]},{"fieldCode":"issueDateGrp","valueList":["ALL"]}]}
[2025-08-06T09:00:26.934Z] [INFO] [crawler] BRDR API response received: 20 documents, 1578 total records | {"pageNumber":7,"documentsCount":20,"totalRecords":1578,"statusCode":200}
[2025-08-06T09:00:27.054Z] [INFO] [crawler] Fetching BRDR page 8...
[2025-08-06T09:00:27.057Z] [DEBUG] [crawler] API request payload | {"langCode":"eng","pageNumber":"8","pageSize":"20","sortBy":"RELEVANCE","docSrchCriteriaDtoList":[{"fieldCode":"version","valueList":["CURRENT"]},{"fieldCode":"language","valueList":["eng"]},{"fieldCode":"issueDateGrp","valueList":["ALL"]}]}
[2025-08-06T09:00:27.440Z] [INFO] [crawler] BRDR API response received: 20 documents, 1578 total records | {"pageNumber":8,"documentsCount":20,"totalRecords":1578,"statusCode":200}
[2025-08-06T09:00:27.557Z] [INFO] [crawler] Fetching BRDR page 9...
[2025-08-06T09:00:27.560Z] [DEBUG] [crawler] API request payload | {"langCode":"eng","pageNumber":"9","pageSize":"20","sortBy":"RELEVANCE","docSrchCriteriaDtoList":[{"fieldCode":"version","valueList":["CURRENT"]},{"fieldCode":"language","valueList":["eng"]},{"fieldCode":"issueDateGrp","valueList":["ALL"]}]}
[2025-08-06T09:00:27.942Z] [INFO] [crawler] BRDR API response received: 20 documents, 1578 total records | {"pageNumber":9,"documentsCount":20,"totalRecords":1578,"statusCode":200}
[2025-08-06T09:00:28.045Z] [INFO] [crawler] Fetching BRDR page 10...
[2025-08-06T09:00:28.047Z] [DEBUG] [crawler] API request payload | {"langCode":"eng","pageNumber":"10","pageSize":"20","sortBy":"RELEVANCE","docSrchCriteriaDtoList":[{"fieldCode":"version","valueList":["CURRENT"]},{"fieldCode":"language","valueList":["eng"]},{"fieldCode":"issueDateGrp","valueList":["ALL"]}]}
[2025-08-06T09:00:28.397Z] [INFO] [crawler] BRDR API response received: 20 documents, 1578 total records | {"pageNumber":10,"documentsCount":20,"totalRecords":1578,"statusCode":200}
[2025-08-06T09:00:28.511Z] [INFO] [crawler] Fetching BRDR page 11...
[2025-08-06T09:00:28.512Z] [DEBUG] [crawler] API request payload | {"langCode":"eng","pageNumber":"11","pageSize":"20","sortBy":"RELEVANCE","docSrchCriteriaDtoList":[{"fieldCode":"version","valueList":["CURRENT"]},{"fieldCode":"language","valueList":["eng"]},{"fieldCode":"issueDateGrp","valueList":["ALL"]}]}
[2025-08-06T09:00:28.872Z] [INFO] [crawler] BRDR API response received: 20 documents, 1578 total records | {"pageNumber":11,"documentsCount":20,"totalRecords":1578,"statusCode":200}
[2025-08-06T09:00:28.991Z] [INFO] [crawler] Fetching BRDR page 12...
[2025-08-06T09:00:28.995Z] [DEBUG] [crawler] API request payload | {"langCode":"eng","pageNumber":"12","pageSize":"20","sortBy":"RELEVANCE","docSrchCriteriaDtoList":[{"fieldCode":"version","valueList":["CURRENT"]},{"fieldCode":"language","valueList":["eng"]},{"fieldCode":"issueDateGrp","valueList":["ALL"]}]}
[2025-08-06T09:00:29.382Z] [INFO] [crawler] BRDR API response received: 20 documents, 1578 total records | {"pageNumber":12,"documentsCount":20,"totalRecords":1578,"statusCode":200}
[2025-08-06T09:00:29.491Z] [INFO] [crawler] Fetching BRDR page 13...
[2025-08-06T09:00:29.492Z] [DEBUG] [crawler] API request payload | {"langCode":"eng","pageNumber":"13","pageSize":"20","sortBy":"RELEVANCE","docSrchCriteriaDtoList":[{"fieldCode":"version","valueList":["CURRENT"]},{"fieldCode":"language","valueList":["eng"]},{"fieldCode":"issueDateGrp","valueList":["ALL"]}]}
[2025-08-06T09:00:29.852Z] [INFO] [crawler] BRDR API response received: 20 documents, 1578 total records | {"pageNumber":13,"documentsCount":20,"totalRecords":1578,"statusCode":200}
[2025-08-06T09:00:29.956Z] [INFO] [crawler] Fetching BRDR page 14...
[2025-08-06T09:00:29.957Z] [DEBUG] [crawler] API request payload | {"langCode":"eng","pageNumber":"14","pageSize":"20","sortBy":"RELEVANCE","docSrchCriteriaDtoList":[{"fieldCode":"version","valueList":["CURRENT"]},{"fieldCode":"language","valueList":["eng"]},{"fieldCode":"issueDateGrp","valueList":["ALL"]}]}
[2025-08-06T09:00:30.294Z] [INFO] [crawler] BRDR API response received: 20 documents, 1578 total records | {"pageNumber":14,"documentsCount":20,"totalRecords":1578,"statusCode":200}
[2025-08-06T09:00:30.410Z] [INFO] [crawler] Fetching BRDR page 15...
[2025-08-06T09:00:30.413Z] [DEBUG] [crawler] API request payload | {"langCode":"eng","pageNumber":"15","pageSize":"20","sortBy":"RELEVANCE","docSrchCriteriaDtoList":[{"fieldCode":"version","valueList":["CURRENT"]},{"fieldCode":"language","valueList":["eng"]},{"fieldCode":"issueDateGrp","valueList":["ALL"]}]}
[2025-08-06T09:00:30.781Z] [INFO] [crawler] BRDR API response received: 20 documents, 1578 total records | {"pageNumber":15,"documentsCount":20,"totalRecords":1578,"statusCode":200}
[2025-08-06T09:00:30.893Z] [INFO] [crawler] Fetching BRDR page 16...
[2025-08-06T09:00:30.896Z] [DEBUG] [crawler] API request payload | {"langCode":"eng","pageNumber":"16","pageSize":"20","sortBy":"RELEVANCE","docSrchCriteriaDtoList":[{"fieldCode":"version","valueList":["CURRENT"]},{"fieldCode":"language","valueList":["eng"]},{"fieldCode":"issueDateGrp","valueList":["ALL"]}]}
[2025-08-06T09:00:31.261Z] [INFO] [crawler] BRDR API response received: 20 documents, 1578 total records | {"pageNumber":16,"documentsCount":20,"totalRecords":1578,"statusCode":200}
[2025-08-06T09:00:31.373Z] [INFO] [crawler] Fetching BRDR page 17...
[2025-08-06T09:00:31.376Z] [DEBUG] [crawler] API request payload | {"langCode":"eng","pageNumber":"17","pageSize":"20","sortBy":"RELEVANCE","docSrchCriteriaDtoList":[{"fieldCode":"version","valueList":["CURRENT"]},{"fieldCode":"language","valueList":["eng"]},{"fieldCode":"issueDateGrp","valueList":["ALL"]}]}
[2025-08-06T09:00:31.759Z] [INFO] [crawler] BRDR API response received: 20 documents, 1578 total records | {"pageNumber":17,"documentsCount":20,"totalRecords":1578,"statusCode":200}
[2025-08-06T09:00:31.873Z] [INFO] [crawler] Fetching BRDR page 18...
[2025-08-06T09:00:31.876Z] [DEBUG] [crawler] API request payload | {"langCode":"eng","pageNumber":"18","pageSize":"20","sortBy":"RELEVANCE","docSrchCriteriaDtoList":[{"fieldCode":"version","valueList":["CURRENT"]},{"fieldCode":"language","valueList":["eng"]},{"fieldCode":"issueDateGrp","valueList":["ALL"]}]}
[2025-08-06T09:00:32.249Z] [INFO] [crawler] BRDR API response received: 20 documents, 1578 total records | {"pageNumber":18,"documentsCount":20,"totalRecords":1578,"statusCode":200}
[2025-08-06T09:00:32.368Z] [INFO] [crawler] Fetching BRDR page 19...
[2025-08-06T09:00:32.371Z] [DEBUG] [crawler] API request payload | {"langCode":"eng","pageNumber":"19","pageSize":"20","sortBy":"RELEVANCE","docSrchCriteriaDtoList":[{"fieldCode":"version","valueList":["CURRENT"]},{"fieldCode":"language","valueList":["eng"]},{"fieldCode":"issueDateGrp","valueList":["ALL"]}]}
[2025-08-06T09:00:32.723Z] [INFO] [crawler] BRDR API response received: 20 documents, 1578 total records | {"pageNumber":19,"documentsCount":20,"totalRecords":1578,"statusCode":200}
[2025-08-06T09:00:32.840Z] [INFO] [crawler] Fetching BRDR page 20...
[2025-08-06T09:00:32.843Z] [DEBUG] [crawler] API request payload | {"langCode":"eng","pageNumber":"20","pageSize":"20","sortBy":"RELEVANCE","docSrchCriteriaDtoList":[{"fieldCode":"version","valueList":["CURRENT"]},{"fieldCode":"language","valueList":["eng"]},{"fieldCode":"issueDateGrp","valueList":["ALL"]}]}
[2025-08-06T09:00:33.216Z] [INFO] [crawler] BRDR API response received: 20 documents, 1578 total records | {"pageNumber":20,"documentsCount":20,"totalRecords":1578,"statusCode":200}
[2025-08-06T09:00:33.333Z] [INFO] [crawler] Fetching BRDR page 21...
[2025-08-06T09:00:33.338Z] [DEBUG] [crawler] API request payload | {"langCode":"eng","pageNumber":"21","pageSize":"20","sortBy":"RELEVANCE","docSrchCriteriaDtoList":[{"fieldCode":"version","valueList":["CURRENT"]},{"fieldCode":"language","valueList":["eng"]},{"fieldCode":"issueDateGrp","valueList":["ALL"]}]}
[2025-08-06T09:00:33.723Z] [INFO] [crawler] BRDR API response received: 20 documents, 1578 total records | {"pageNumber":21,"documentsCount":20,"totalRecords":1578,"statusCode":200}
[2025-08-06T09:00:33.836Z] [INFO] [crawler] Fetching BRDR page 22...
[2025-08-06T09:00:33.838Z] [DEBUG] [crawler] API request payload | {"langCode":"eng","pageNumber":"22","pageSize":"20","sortBy":"RELEVANCE","docSrchCriteriaDtoList":[{"fieldCode":"version","valueList":["CURRENT"]},{"fieldCode":"language","valueList":["eng"]},{"fieldCode":"issueDateGrp","valueList":["ALL"]}]}
[2025-08-06T09:00:34.177Z] [INFO] [crawler] BRDR API response received: 20 documents, 1578 total records | {"pageNumber":22,"documentsCount":20,"totalRecords":1578,"statusCode":200}
[2025-08-06T09:00:34.286Z] [INFO] [crawler] Fetching BRDR page 23...
[2025-08-06T09:00:34.288Z] [DEBUG] [crawler] API request payload | {"langCode":"eng","pageNumber":"23","pageSize":"20","sortBy":"RELEVANCE","docSrchCriteriaDtoList":[{"fieldCode":"version","valueList":["CURRENT"]},{"fieldCode":"language","valueList":["eng"]},{"fieldCode":"issueDateGrp","valueList":["ALL"]}]}
[2025-08-06T09:00:34.658Z] [INFO] [crawler] BRDR API response received: 20 documents, 1578 total records | {"pageNumber":23,"documentsCount":20,"totalRecords":1578,"statusCode":200}
[2025-08-06T09:00:34.767Z] [INFO] [crawler] Fetching BRDR page 24...
[2025-08-06T09:00:34.769Z] [DEBUG] [crawler] API request payload | {"langCode":"eng","pageNumber":"24","pageSize":"20","sortBy":"RELEVANCE","docSrchCriteriaDtoList":[{"fieldCode":"version","valueList":["CURRENT"]},{"fieldCode":"language","valueList":["eng"]},{"fieldCode":"issueDateGrp","valueList":["ALL"]}]}
[2025-08-06T09:00:35.109Z] [INFO] [crawler] BRDR API response received: 20 documents, 1578 total records | {"pageNumber":24,"documentsCount":20,"totalRecords":1578,"statusCode":200}
[2025-08-06T09:00:35.226Z] [INFO] [crawler] Fetching BRDR page 25...
[2025-08-06T09:00:35.229Z] [DEBUG] [crawler] API request payload | {"langCode":"eng","pageNumber":"25","pageSize":"20","sortBy":"RELEVANCE","docSrchCriteriaDtoList":[{"fieldCode":"version","valueList":["CURRENT"]},{"fieldCode":"language","valueList":["eng"]},{"fieldCode":"issueDateGrp","valueList":["ALL"]}]}
[2025-08-06T09:00:35.614Z] [INFO] [crawler] BRDR API response received: 20 documents, 1578 total records | {"pageNumber":25,"documentsCount":20,"totalRecords":1578,"statusCode":200}
[2025-08-06T09:00:35.726Z] [INFO] [crawler] Fetching BRDR page 26...
[2025-08-06T09:00:35.728Z] [DEBUG] [crawler] API request payload | {"langCode":"eng","pageNumber":"26","pageSize":"20","sortBy":"RELEVANCE","docSrchCriteriaDtoList":[{"fieldCode":"version","valueList":["CURRENT"]},{"fieldCode":"language","valueList":["eng"]},{"fieldCode":"issueDateGrp","valueList":["ALL"]}]}
[2025-08-06T09:00:36.106Z] [INFO] [crawler] BRDR API response received: 20 documents, 1578 total records | {"pageNumber":26,"documentsCount":20,"totalRecords":1578,"statusCode":200}
[2025-08-06T09:00:36.222Z] [INFO] [crawler] Fetching BRDR page 27...
[2025-08-06T09:00:36.224Z] [DEBUG] [crawler] API request payload | {"langCode":"eng","pageNumber":"27","pageSize":"20","sortBy":"RELEVANCE","docSrchCriteriaDtoList":[{"fieldCode":"version","valueList":["CURRENT"]},{"fieldCode":"language","valueList":["eng"]},{"fieldCode":"issueDateGrp","valueList":["ALL"]}]}
[2025-08-06T09:00:36.704Z] [INFO] [crawler] BRDR API response received: 20 documents, 1578 total records | {"pageNumber":27,"documentsCount":20,"totalRecords":1578,"statusCode":200}
[2025-08-06T09:00:36.811Z] [INFO] [crawler] Fetching BRDR page 28...
[2025-08-06T09:00:36.812Z] [DEBUG] [crawler] API request payload | {"langCode":"eng","pageNumber":"28","pageSize":"20","sortBy":"RELEVANCE","docSrchCriteriaDtoList":[{"fieldCode":"version","valueList":["CURRENT"]},{"fieldCode":"language","valueList":["eng"]},{"fieldCode":"issueDateGrp","valueList":["ALL"]}]}
[2025-08-06T09:00:37.148Z] [INFO] [crawler] BRDR API response received: 20 documents, 1578 total records | {"pageNumber":28,"documentsCount":20,"totalRecords":1578,"statusCode":200}
[2025-08-06T09:00:37.260Z] [INFO] [crawler] Fetching BRDR page 29...
[2025-08-06T09:00:37.263Z] [DEBUG] [crawler] API request payload | {"langCode":"eng","pageNumber":"29","pageSize":"20","sortBy":"RELEVANCE","docSrchCriteriaDtoList":[{"fieldCode":"version","valueList":["CURRENT"]},{"fieldCode":"language","valueList":["eng"]},{"fieldCode":"issueDateGrp","valueList":["ALL"]}]}
[2025-08-06T09:00:37.626Z] [INFO] [crawler] BRDR API response received: 20 documents, 1578 total records | {"pageNumber":29,"documentsCount":20,"totalRecords":1578,"statusCode":200}
[2025-08-06T09:00:37.741Z] [INFO] [crawler] Fetching BRDR page 30...
[2025-08-06T09:00:37.743Z] [DEBUG] [crawler] API request payload | {"langCode":"eng","pageNumber":"30","pageSize":"20","sortBy":"RELEVANCE","docSrchCriteriaDtoList":[{"fieldCode":"version","valueList":["CURRENT"]},{"fieldCode":"language","valueList":["eng"]},{"fieldCode":"issueDateGrp","valueList":["ALL"]}]}
[2025-08-06T09:00:38.102Z] [INFO] [crawler] BRDR API response received: 20 documents, 1578 total records | {"pageNumber":30,"documentsCount":20,"totalRecords":1578,"statusCode":200}
[2025-08-06T09:00:38.223Z] [INFO] [crawler] Fetching BRDR page 31...
[2025-08-06T09:00:38.225Z] [DEBUG] [crawler] API request payload | {"langCode":"eng","pageNumber":"31","pageSize":"20","sortBy":"RELEVANCE","docSrchCriteriaDtoList":[{"fieldCode":"version","valueList":["CURRENT"]},{"fieldCode":"language","valueList":["eng"]},{"fieldCode":"issueDateGrp","valueList":["ALL"]}]}
[2025-08-06T09:00:38.575Z] [INFO] [crawler] BRDR API response received: 20 documents, 1578 total records | {"pageNumber":31,"documentsCount":20,"totalRecords":1578,"statusCode":200}
[2025-08-06T09:00:38.689Z] [INFO] [crawler] Fetching BRDR page 32...
[2025-08-06T09:00:38.691Z] [DEBUG] [crawler] API request payload | {"langCode":"eng","pageNumber":"32","pageSize":"20","sortBy":"RELEVANCE","docSrchCriteriaDtoList":[{"fieldCode":"version","valueList":["CURRENT"]},{"fieldCode":"language","valueList":["eng"]},{"fieldCode":"issueDateGrp","valueList":["ALL"]}]}
[2025-08-06T09:00:39.037Z] [INFO] [crawler] BRDR API response received: 20 documents, 1578 total records | {"pageNumber":32,"documentsCount":20,"totalRecords":1578,"statusCode":200}
[2025-08-06T09:00:39.153Z] [INFO] [crawler] Fetching BRDR page 33...
[2025-08-06T09:00:39.156Z] [DEBUG] [crawler] API request payload | {"langCode":"eng","pageNumber":"33","pageSize":"20","sortBy":"RELEVANCE","docSrchCriteriaDtoList":[{"fieldCode":"version","valueList":["CURRENT"]},{"fieldCode":"language","valueList":["eng"]},{"fieldCode":"issueDateGrp","valueList":["ALL"]}]}
[2025-08-06T09:00:39.539Z] [INFO] [crawler] BRDR API response received: 20 documents, 1578 total records | {"pageNumber":33,"documentsCount":20,"totalRecords":1578,"statusCode":200}
[2025-08-06T09:00:39.656Z] [INFO] [crawler] Fetching BRDR page 34...
[2025-08-06T09:00:39.660Z] [DEBUG] [crawler] API request payload | {"langCode":"eng","pageNumber":"34","pageSize":"20","sortBy":"RELEVANCE","docSrchCriteriaDtoList":[{"fieldCode":"version","valueList":["CURRENT"]},{"fieldCode":"language","valueList":["eng"]},{"fieldCode":"issueDateGrp","valueList":["ALL"]}]}
[2025-08-06T09:00:40.045Z] [INFO] [crawler] BRDR API response received: 20 documents, 1578 total records | {"pageNumber":34,"documentsCount":20,"totalRecords":1578,"statusCode":200}
[2025-08-06T09:00:40.153Z] [INFO] [crawler] Fetching BRDR page 35...
[2025-08-06T09:00:40.156Z] [DEBUG] [crawler] API request payload | {"langCode":"eng","pageNumber":"35","pageSize":"20","sortBy":"RELEVANCE","docSrchCriteriaDtoList":[{"fieldCode":"version","valueList":["CURRENT"]},{"fieldCode":"language","valueList":["eng"]},{"fieldCode":"issueDateGrp","valueList":["ALL"]}]}
[2025-08-06T09:00:40.500Z] [INFO] [crawler] BRDR API response received: 20 documents, 1578 total records | {"pageNumber":35,"documentsCount":20,"totalRecords":1578,"statusCode":200}
[2025-08-06T09:00:40.615Z] [INFO] [crawler] Fetching BRDR page 36...
[2025-08-06T09:00:40.618Z] [DEBUG] [crawler] API request payload | {"langCode":"eng","pageNumber":"36","pageSize":"20","sortBy":"RELEVANCE","docSrchCriteriaDtoList":[{"fieldCode":"version","valueList":["CURRENT"]},{"fieldCode":"language","valueList":["eng"]},{"fieldCode":"issueDateGrp","valueList":["ALL"]}]}
[2025-08-06T09:00:40.993Z] [INFO] [crawler] BRDR API response received: 20 documents, 1578 total records | {"pageNumber":36,"documentsCount":20,"totalRecords":1578,"statusCode":200}
[2025-08-06T09:00:41.112Z] [INFO] [crawler] Fetching BRDR page 37...
[2025-08-06T09:00:41.115Z] [DEBUG] [crawler] API request payload | {"langCode":"eng","pageNumber":"37","pageSize":"20","sortBy":"RELEVANCE","docSrchCriteriaDtoList":[{"fieldCode":"version","valueList":["CURRENT"]},{"fieldCode":"language","valueList":["eng"]},{"fieldCode":"issueDateGrp","valueList":["ALL"]}]}
[2025-08-06T09:00:41.495Z] [INFO] [crawler] BRDR API response received: 20 documents, 1578 total records | {"pageNumber":37,"documentsCount":20,"totalRecords":1578,"statusCode":200}
[2025-08-06T09:00:41.610Z] [INFO] [crawler] Fetching BRDR page 38...
[2025-08-06T09:00:41.613Z] [DEBUG] [crawler] API request payload | {"langCode":"eng","pageNumber":"38","pageSize":"20","sortBy":"RELEVANCE","docSrchCriteriaDtoList":[{"fieldCode":"version","valueList":["CURRENT"]},{"fieldCode":"language","valueList":["eng"]},{"fieldCode":"issueDateGrp","valueList":["ALL"]}]}
[2025-08-06T09:00:41.969Z] [INFO] [crawler] BRDR API response received: 20 documents, 1578 total records | {"pageNumber":38,"documentsCount":20,"totalRecords":1578,"statusCode":200}
[2025-08-06T09:00:42.073Z] [INFO] [crawler] Fetching BRDR page 39...
[2025-08-06T09:00:42.074Z] [DEBUG] [crawler] API request payload | {"langCode":"eng","pageNumber":"39","pageSize":"20","sortBy":"RELEVANCE","docSrchCriteriaDtoList":[{"fieldCode":"version","valueList":["CURRENT"]},{"fieldCode":"language","valueList":["eng"]},{"fieldCode":"issueDateGrp","valueList":["ALL"]}]}
[2025-08-06T09:00:42.438Z] [INFO] [crawler] BRDR API response received: 20 documents, 1578 total records | {"pageNumber":39,"documentsCount":20,"totalRecords":1578,"statusCode":200}
[2025-08-06T09:00:42.544Z] [INFO] [crawler] Fetching BRDR page 40...
[2025-08-06T09:00:42.547Z] [DEBUG] [crawler] API request payload | {"langCode":"eng","pageNumber":"40","pageSize":"20","sortBy":"RELEVANCE","docSrchCriteriaDtoList":[{"fieldCode":"version","valueList":["CURRENT"]},{"fieldCode":"language","valueList":["eng"]},{"fieldCode":"issueDateGrp","valueList":["ALL"]}]}
[2025-08-06T09:00:42.952Z] [INFO] [crawler] BRDR API response received: 20 documents, 1578 total records | {"pageNumber":40,"documentsCount":20,"totalRecords":1578,"statusCode":200}
[2025-08-06T09:00:43.075Z] [INFO] [crawler] Fetching BRDR page 41...
[2025-08-06T09:00:43.076Z] [DEBUG] [crawler] API request payload | {"langCode":"eng","pageNumber":"41","pageSize":"20","sortBy":"RELEVANCE","docSrchCriteriaDtoList":[{"fieldCode":"version","valueList":["CURRENT"]},{"fieldCode":"language","valueList":["eng"]},{"fieldCode":"issueDateGrp","valueList":["ALL"]}]}
[2025-08-06T09:00:43.439Z] [INFO] [crawler] BRDR API response received: 20 documents, 1578 total records | {"pageNumber":41,"documentsCount":20,"totalRecords":1578,"statusCode":200}
[2025-08-06T09:00:43.546Z] [INFO] [crawler] Fetching BRDR page 42...
[2025-08-06T09:00:43.547Z] [DEBUG] [crawler] API request payload | {"langCode":"eng","pageNumber":"42","pageSize":"20","sortBy":"RELEVANCE","docSrchCriteriaDtoList":[{"fieldCode":"version","valueList":["CURRENT"]},{"fieldCode":"language","valueList":["eng"]},{"fieldCode":"issueDateGrp","valueList":["ALL"]}]}
[2025-08-06T09:00:43.932Z] [INFO] [crawler] BRDR API response received: 20 documents, 1578 total records | {"pageNumber":42,"documentsCount":20,"totalRecords":1578,"statusCode":200}
[2025-08-06T09:00:44.052Z] [INFO] [crawler] Fetching BRDR page 43...
[2025-08-06T09:00:44.056Z] [DEBUG] [crawler] API request payload | {"langCode":"eng","pageNumber":"43","pageSize":"20","sortBy":"RELEVANCE","docSrchCriteriaDtoList":[{"fieldCode":"version","valueList":["CURRENT"]},{"fieldCode":"language","valueList":["eng"]},{"fieldCode":"issueDateGrp","valueList":["ALL"]}]}
[2025-08-06T09:00:44.479Z] [INFO] [crawler] BRDR API response received: 20 documents, 1578 total records | {"pageNumber":43,"documentsCount":20,"totalRecords":1578,"statusCode":200}
[2025-08-06T09:00:44.585Z] [INFO] [crawler] Fetching BRDR page 44...
[2025-08-06T09:00:44.586Z] [DEBUG] [crawler] API request payload | {"langCode":"eng","pageNumber":"44","pageSize":"20","sortBy":"RELEVANCE","docSrchCriteriaDtoList":[{"fieldCode":"version","valueList":["CURRENT"]},{"fieldCode":"language","valueList":["eng"]},{"fieldCode":"issueDateGrp","valueList":["ALL"]}]}
[2025-08-06T09:00:44.944Z] [INFO] [crawler] BRDR API response received: 20 documents, 1578 total records | {"pageNumber":44,"documentsCount":20,"totalRecords":1578,"statusCode":200}
[2025-08-06T09:00:45.051Z] [INFO] [crawler] Fetching BRDR page 45...
[2025-08-06T09:00:45.054Z] [DEBUG] [crawler] API request payload | {"langCode":"eng","pageNumber":"45","pageSize":"20","sortBy":"RELEVANCE","docSrchCriteriaDtoList":[{"fieldCode":"version","valueList":["CURRENT"]},{"fieldCode":"language","valueList":["eng"]},{"fieldCode":"issueDateGrp","valueList":["ALL"]}]}
[2025-08-06T09:00:45.427Z] [INFO] [crawler] BRDR API response received: 20 documents, 1578 total records | {"pageNumber":45,"documentsCount":20,"totalRecords":1578,"statusCode":200}
[2025-08-06T09:00:45.532Z] [INFO] [crawler] Fetching BRDR page 46...
[2025-08-06T09:00:45.533Z] [DEBUG] [crawler] API request payload | {"langCode":"eng","pageNumber":"46","pageSize":"20","sortBy":"RELEVANCE","docSrchCriteriaDtoList":[{"fieldCode":"version","valueList":["CURRENT"]},{"fieldCode":"language","valueList":["eng"]},{"fieldCode":"issueDateGrp","valueList":["ALL"]}]}
[2025-08-06T09:00:45.884Z] [INFO] [crawler] BRDR API response received: 20 documents, 1578 total records | {"pageNumber":46,"documentsCount":20,"totalRecords":1578,"statusCode":200}
[2025-08-06T09:00:45.998Z] [INFO] [crawler] Fetching BRDR page 47...
[2025-08-06T09:00:45.999Z] [DEBUG] [crawler] API request payload | {"langCode":"eng","pageNumber":"47","pageSize":"20","sortBy":"RELEVANCE","docSrchCriteriaDtoList":[{"fieldCode":"version","valueList":["CURRENT"]},{"fieldCode":"language","valueList":["eng"]},{"fieldCode":"issueDateGrp","valueList":["ALL"]}]}
[2025-08-06T09:00:46.363Z] [INFO] [crawler] BRDR API response received: 20 documents, 1578 total records | {"pageNumber":47,"documentsCount":20,"totalRecords":1578,"statusCode":200}
[2025-08-06T09:00:46.473Z] [INFO] [crawler] Fetching BRDR page 48...
[2025-08-06T09:00:46.474Z] [DEBUG] [crawler] API request payload | {"langCode":"eng","pageNumber":"48","pageSize":"20","sortBy":"RELEVANCE","docSrchCriteriaDtoList":[{"fieldCode":"version","valueList":["CURRENT"]},{"fieldCode":"language","valueList":["eng"]},{"fieldCode":"issueDateGrp","valueList":["ALL"]}]}
[2025-08-06T09:00:46.862Z] [INFO] [crawler] BRDR API response received: 20 documents, 1578 total records | {"pageNumber":48,"documentsCount":20,"totalRecords":1578,"statusCode":200}
[2025-08-06T09:00:46.972Z] [INFO] [crawler] Fetching BRDR page 49...
[2025-08-06T09:00:46.974Z] [DEBUG] [crawler] API request payload | {"langCode":"eng","pageNumber":"49","pageSize":"20","sortBy":"RELEVANCE","docSrchCriteriaDtoList":[{"fieldCode":"version","valueList":["CURRENT"]},{"fieldCode":"language","valueList":["eng"]},{"fieldCode":"issueDateGrp","valueList":["ALL"]}]}
[2025-08-06T09:00:47.316Z] [INFO] [crawler] BRDR API response received: 20 documents, 1578 total records | {"pageNumber":49,"documentsCount":20,"totalRecords":1578,"statusCode":200}
[2025-08-06T09:00:47.424Z] [INFO] [crawler] Fetching BRDR page 50...
[2025-08-06T09:00:47.425Z] [DEBUG] [crawler] API request payload | {"langCode":"eng","pageNumber":"50","pageSize":"20","sortBy":"RELEVANCE","docSrchCriteriaDtoList":[{"fieldCode":"version","valueList":["CURRENT"]},{"fieldCode":"language","valueList":["eng"]},{"fieldCode":"issueDateGrp","valueList":["ALL"]}]}
[2025-08-06T09:00:47.835Z] [INFO] [crawler] BRDR API response received: 20 documents, 1578 total records | {"pageNumber":50,"documentsCount":20,"totalRecords":1578,"statusCode":200}
[2025-08-06T09:00:47.947Z] [INFO] [crawler] Fetching BRDR page 51...
[2025-08-06T09:00:47.950Z] [DEBUG] [crawler] API request payload | {"langCode":"eng","pageNumber":"51","pageSize":"20","sortBy":"RELEVANCE","docSrchCriteriaDtoList":[{"fieldCode":"version","valueList":["CURRENT"]},{"fieldCode":"language","valueList":["eng"]},{"fieldCode":"issueDateGrp","valueList":["ALL"]}]}
[2025-08-06T09:00:48.314Z] [INFO] [crawler] BRDR API response received: 20 documents, 1578 total records | {"pageNumber":51,"documentsCount":20,"totalRecords":1578,"statusCode":200}
[2025-08-06T09:00:48.419Z] [INFO] [crawler] Fetching BRDR page 52...
[2025-08-06T09:00:48.420Z] [DEBUG] [crawler] API request payload | {"langCode":"eng","pageNumber":"52","pageSize":"20","sortBy":"RELEVANCE","docSrchCriteriaDtoList":[{"fieldCode":"version","valueList":["CURRENT"]},{"fieldCode":"language","valueList":["eng"]},{"fieldCode":"issueDateGrp","valueList":["ALL"]}]}
[2025-08-06T09:00:48.817Z] [INFO] [crawler] BRDR API response received: 20 documents, 1578 total records | {"pageNumber":52,"documentsCount":20,"totalRecords":1578,"statusCode":200}
[2025-08-06T09:00:48.937Z] [INFO] [crawler] Fetching BRDR page 53...
[2025-08-06T09:00:48.938Z] [DEBUG] [crawler] API request payload | {"langCode":"eng","pageNumber":"53","pageSize":"20","sortBy":"RELEVANCE","docSrchCriteriaDtoList":[{"fieldCode":"version","valueList":["CURRENT"]},{"fieldCode":"language","valueList":["eng"]},{"fieldCode":"issueDateGrp","valueList":["ALL"]}]}
[2025-08-06T09:00:49.313Z] [INFO] [crawler] BRDR API response received: 20 documents, 1578 total records | {"pageNumber":53,"documentsCount":20,"totalRecords":1578,"statusCode":200}
[2025-08-06T09:00:49.429Z] [INFO] [crawler] Fetching BRDR page 54...
[2025-08-06T09:00:49.432Z] [DEBUG] [crawler] API request payload | {"langCode":"eng","pageNumber":"54","pageSize":"20","sortBy":"RELEVANCE","docSrchCriteriaDtoList":[{"fieldCode":"version","valueList":["CURRENT"]},{"fieldCode":"language","valueList":["eng"]},{"fieldCode":"issueDateGrp","valueList":["ALL"]}]}
[2025-08-06T09:00:49.779Z] [INFO] [crawler] BRDR API response received: 20 documents, 1578 total records | {"pageNumber":54,"documentsCount":20,"totalRecords":1578,"statusCode":200}
[2025-08-06T09:00:49.897Z] [INFO] [crawler] Fetching BRDR page 55...
[2025-08-06T09:00:49.900Z] [DEBUG] [crawler] API request payload | {"langCode":"eng","pageNumber":"55","pageSize":"20","sortBy":"RELEVANCE","docSrchCriteriaDtoList":[{"fieldCode":"version","valueList":["CURRENT"]},{"fieldCode":"language","valueList":["eng"]},{"fieldCode":"issueDateGrp","valueList":["ALL"]}]}
[2025-08-06T09:00:50.322Z] [INFO] [crawler] BRDR API response received: 20 documents, 1578 total records | {"pageNumber":55,"documentsCount":20,"totalRecords":1578,"statusCode":200}
[2025-08-06T09:00:50.441Z] [INFO] [crawler] Fetching BRDR page 56...
[2025-08-06T09:00:50.443Z] [DEBUG] [crawler] API request payload | {"langCode":"eng","pageNumber":"56","pageSize":"20","sortBy":"RELEVANCE","docSrchCriteriaDtoList":[{"fieldCode":"version","valueList":["CURRENT"]},{"fieldCode":"language","valueList":["eng"]},{"fieldCode":"issueDateGrp","valueList":["ALL"]}]}
[2025-08-06T09:00:50.821Z] [INFO] [crawler] BRDR API response received: 20 documents, 1578 total records | {"pageNumber":56,"documentsCount":20,"totalRecords":1578,"statusCode":200}
[2025-08-06T09:00:50.937Z] [INFO] [crawler] Fetching BRDR page 57...
[2025-08-06T09:00:50.941Z] [DEBUG] [crawler] API request payload | {"langCode":"eng","pageNumber":"57","pageSize":"20","sortBy":"RELEVANCE","docSrchCriteriaDtoList":[{"fieldCode":"version","valueList":["CURRENT"]},{"fieldCode":"language","valueList":["eng"]},{"fieldCode":"issueDateGrp","valueList":["ALL"]}]}
[2025-08-06T09:00:51.284Z] [INFO] [crawler] BRDR API response received: 20 documents, 1578 total records | {"pageNumber":57,"documentsCount":20,"totalRecords":1578,"statusCode":200}
[2025-08-06T09:00:51.400Z] [INFO] [crawler] Fetching BRDR page 58...
[2025-08-06T09:00:51.405Z] [DEBUG] [crawler] API request payload | {"langCode":"eng","pageNumber":"58","pageSize":"20","sortBy":"RELEVANCE","docSrchCriteriaDtoList":[{"fieldCode":"version","valueList":["CURRENT"]},{"fieldCode":"language","valueList":["eng"]},{"fieldCode":"issueDateGrp","valueList":["ALL"]}]}
[2025-08-06T09:00:51.747Z] [INFO] [crawler] BRDR API response received: 20 documents, 1578 total records | {"pageNumber":58,"documentsCount":20,"totalRecords":1578,"statusCode":200}
[2025-08-06T09:00:51.854Z] [INFO] [crawler] Fetching BRDR page 59...
[2025-08-06T09:00:51.854Z] [DEBUG] [crawler] API request payload | {"langCode":"eng","pageNumber":"59","pageSize":"20","sortBy":"RELEVANCE","docSrchCriteriaDtoList":[{"fieldCode":"version","valueList":["CURRENT"]},{"fieldCode":"language","valueList":["eng"]},{"fieldCode":"issueDateGrp","valueList":["ALL"]}]}
[2025-08-06T09:00:52.241Z] [INFO] [crawler] BRDR API response received: 20 documents, 1578 total records | {"pageNumber":59,"documentsCount":20,"totalRecords":1578,"statusCode":200}
[2025-08-06T09:00:52.354Z] [INFO] [crawler] Fetching BRDR page 60...
[2025-08-06T09:00:52.355Z] [DEBUG] [crawler] API request payload | {"langCode":"eng","pageNumber":"60","pageSize":"20","sortBy":"RELEVANCE","docSrchCriteriaDtoList":[{"fieldCode":"version","valueList":["CURRENT"]},{"fieldCode":"language","valueList":["eng"]},{"fieldCode":"issueDateGrp","valueList":["ALL"]}]}
[2025-08-06T09:00:52.707Z] [INFO] [crawler] BRDR API response received: 20 documents, 1578 total records | {"pageNumber":60,"documentsCount":20,"totalRecords":1578,"statusCode":200}
[2025-08-06T09:00:52.817Z] [INFO] [crawler] Fetching BRDR page 61...
[2025-08-06T09:00:52.820Z] [DEBUG] [crawler] API request payload | {"langCode":"eng","pageNumber":"61","pageSize":"20","sortBy":"RELEVANCE","docSrchCriteriaDtoList":[{"fieldCode":"version","valueList":["CURRENT"]},{"fieldCode":"language","valueList":["eng"]},{"fieldCode":"issueDateGrp","valueList":["ALL"]}]}
[2025-08-06T09:00:53.189Z] [INFO] [crawler] BRDR API response received: 20 documents, 1578 total records | {"pageNumber":61,"documentsCount":20,"totalRecords":1578,"statusCode":200}
[2025-08-06T09:00:53.296Z] [INFO] [crawler] Fetching BRDR page 62...
[2025-08-06T09:00:53.299Z] [DEBUG] [crawler] API request payload | {"langCode":"eng","pageNumber":"62","pageSize":"20","sortBy":"RELEVANCE","docSrchCriteriaDtoList":[{"fieldCode":"version","valueList":["CURRENT"]},{"fieldCode":"language","valueList":["eng"]},{"fieldCode":"issueDateGrp","valueList":["ALL"]}]}
[2025-08-06T09:00:53.667Z] [INFO] [crawler] BRDR API response received: 20 documents, 1578 total records | {"pageNumber":62,"documentsCount":20,"totalRecords":1578,"statusCode":200}
[2025-08-06T09:00:53.777Z] [INFO] [crawler] Fetching BRDR page 63...
[2025-08-06T09:00:53.778Z] [DEBUG] [crawler] API request payload | {"langCode":"eng","pageNumber":"63","pageSize":"20","sortBy":"RELEVANCE","docSrchCriteriaDtoList":[{"fieldCode":"version","valueList":["CURRENT"]},{"fieldCode":"language","valueList":["eng"]},{"fieldCode":"issueDateGrp","valueList":["ALL"]}]}
[2025-08-06T09:00:54.142Z] [INFO] [crawler] BRDR API response received: 20 documents, 1578 total records | {"pageNumber":63,"documentsCount":20,"totalRecords":1578,"statusCode":200}
[2025-08-06T09:00:54.249Z] [INFO] [crawler] Fetching BRDR page 64...
[2025-08-06T09:00:54.249Z] [DEBUG] [crawler] API request payload | {"langCode":"eng","pageNumber":"64","pageSize":"20","sortBy":"RELEVANCE","docSrchCriteriaDtoList":[{"fieldCode":"version","valueList":["CURRENT"]},{"fieldCode":"language","valueList":["eng"]},{"fieldCode":"issueDateGrp","valueList":["ALL"]}]}
[2025-08-06T09:00:54.635Z] [INFO] [crawler] BRDR API response received: 20 documents, 1578 total records | {"pageNumber":64,"documentsCount":20,"totalRecords":1578,"statusCode":200}
[2025-08-06T09:00:54.745Z] [INFO] [crawler] Fetching BRDR page 65...
[2025-08-06T09:00:54.747Z] [DEBUG] [crawler] API request payload | {"langCode":"eng","pageNumber":"65","pageSize":"20","sortBy":"RELEVANCE","docSrchCriteriaDtoList":[{"fieldCode":"version","valueList":["CURRENT"]},{"fieldCode":"language","valueList":["eng"]},{"fieldCode":"issueDateGrp","valueList":["ALL"]}]}
[2025-08-06T09:00:55.100Z] [INFO] [crawler] BRDR API response received: 20 documents, 1578 total records | {"pageNumber":65,"documentsCount":20,"totalRecords":1578,"statusCode":200}
[2025-08-06T09:00:55.207Z] [INFO] [crawler] Fetching BRDR page 66...
[2025-08-06T09:00:55.211Z] [DEBUG] [crawler] API request payload | {"langCode":"eng","pageNumber":"66","pageSize":"20","sortBy":"RELEVANCE","docSrchCriteriaDtoList":[{"fieldCode":"version","valueList":["CURRENT"]},{"fieldCode":"language","valueList":["eng"]},{"fieldCode":"issueDateGrp","valueList":["ALL"]}]}
[2025-08-06T09:00:55.573Z] [INFO] [crawler] BRDR API response received: 20 documents, 1578 total records | {"pageNumber":66,"documentsCount":20,"totalRecords":1578,"statusCode":200}
[2025-08-06T09:00:55.679Z] [INFO] [crawler] Fetching BRDR page 67...
[2025-08-06T09:00:55.682Z] [DEBUG] [crawler] API request payload | {"langCode":"eng","pageNumber":"67","pageSize":"20","sortBy":"RELEVANCE","docSrchCriteriaDtoList":[{"fieldCode":"version","valueList":["CURRENT"]},{"fieldCode":"language","valueList":["eng"]},{"fieldCode":"issueDateGrp","valueList":["ALL"]}]}
[2025-08-06T09:00:56.077Z] [INFO] [crawler] BRDR API response received: 20 documents, 1578 total records | {"pageNumber":67,"documentsCount":20,"totalRecords":1578,"statusCode":200}
[2025-08-06T09:00:56.189Z] [INFO] [crawler] Fetching BRDR page 68...
[2025-08-06T09:00:56.192Z] [DEBUG] [crawler] API request payload | {"langCode":"eng","pageNumber":"68","pageSize":"20","sortBy":"RELEVANCE","docSrchCriteriaDtoList":[{"fieldCode":"version","valueList":["CURRENT"]},{"fieldCode":"language","valueList":["eng"]},{"fieldCode":"issueDateGrp","valueList":["ALL"]}]}
[2025-08-06T09:00:56.582Z] [INFO] [crawler] BRDR API response received: 20 documents, 1578 total records | {"pageNumber":68,"documentsCount":20,"totalRecords":1578,"statusCode":200}
[2025-08-06T09:00:56.689Z] [INFO] [crawler] Fetching BRDR page 69...
[2025-08-06T09:00:56.692Z] [DEBUG] [crawler] API request payload | {"langCode":"eng","pageNumber":"69","pageSize":"20","sortBy":"RELEVANCE","docSrchCriteriaDtoList":[{"fieldCode":"version","valueList":["CURRENT"]},{"fieldCode":"language","valueList":["eng"]},{"fieldCode":"issueDateGrp","valueList":["ALL"]}]}
[2025-08-06T09:00:57.078Z] [INFO] [crawler] BRDR API response received: 20 documents, 1578 total records | {"pageNumber":69,"documentsCount":20,"totalRecords":1578,"statusCode":200}
[2025-08-06T09:00:57.183Z] [INFO] [crawler] Fetching BRDR page 70...
[2025-08-06T09:00:57.186Z] [DEBUG] [crawler] API request payload | {"langCode":"eng","pageNumber":"70","pageSize":"20","sortBy":"RELEVANCE","docSrchCriteriaDtoList":[{"fieldCode":"version","valueList":["CURRENT"]},{"fieldCode":"language","valueList":["eng"]},{"fieldCode":"issueDateGrp","valueList":["ALL"]}]}
[2025-08-06T09:00:57.557Z] [INFO] [crawler] BRDR API response received: 20 documents, 1578 total records | {"pageNumber":70,"documentsCount":20,"totalRecords":1578,"statusCode":200}
[2025-08-06T09:00:57.667Z] [INFO] [crawler] Fetching BRDR page 71...
[2025-08-06T09:00:57.670Z] [DEBUG] [crawler] API request payload | {"langCode":"eng","pageNumber":"71","pageSize":"20","sortBy":"RELEVANCE","docSrchCriteriaDtoList":[{"fieldCode":"version","valueList":["CURRENT"]},{"fieldCode":"language","valueList":["eng"]},{"fieldCode":"issueDateGrp","valueList":["ALL"]}]}
[2025-08-06T09:00:58.026Z] [INFO] [crawler] BRDR API response received: 20 documents, 1578 total records | {"pageNumber":71,"documentsCount":20,"totalRecords":1578,"statusCode":200}
[2025-08-06T09:00:58.142Z] [INFO] [crawler] Fetching BRDR page 72...
[2025-08-06T09:00:58.145Z] [DEBUG] [crawler] API request payload | {"langCode":"eng","pageNumber":"72","pageSize":"20","sortBy":"RELEVANCE","docSrchCriteriaDtoList":[{"fieldCode":"version","valueList":["CURRENT"]},{"fieldCode":"language","valueList":["eng"]},{"fieldCode":"issueDateGrp","valueList":["ALL"]}]}
[2025-08-06T09:00:58.499Z] [INFO] [crawler] BRDR API response received: 20 documents, 1578 total records | {"pageNumber":72,"documentsCount":20,"totalRecords":1578,"statusCode":200}
[2025-08-06T09:00:58.608Z] [INFO] [crawler] Fetching BRDR page 73...
[2025-08-06T09:00:58.609Z] [DEBUG] [crawler] API request payload | {"langCode":"eng","pageNumber":"73","pageSize":"20","sortBy":"RELEVANCE","docSrchCriteriaDtoList":[{"fieldCode":"version","valueList":["CURRENT"]},{"fieldCode":"language","valueList":["eng"]},{"fieldCode":"issueDateGrp","valueList":["ALL"]}]}
[2025-08-06T09:00:58.984Z] [INFO] [crawler] BRDR API response received: 20 documents, 1578 total records | {"pageNumber":73,"documentsCount":20,"totalRecords":1578,"statusCode":200}
[2025-08-06T09:00:59.091Z] [INFO] [crawler] Fetching BRDR page 74...
[2025-08-06T09:00:59.095Z] [DEBUG] [crawler] API request payload | {"langCode":"eng","pageNumber":"74","pageSize":"20","sortBy":"RELEVANCE","docSrchCriteriaDtoList":[{"fieldCode":"version","valueList":["CURRENT"]},{"fieldCode":"language","valueList":["eng"]},{"fieldCode":"issueDateGrp","valueList":["ALL"]}]}
[2025-08-06T09:00:59.448Z] [INFO] [crawler] BRDR API response received: 20 documents, 1578 total records | {"pageNumber":74,"documentsCount":20,"totalRecords":1578,"statusCode":200}
[2025-08-06T09:00:59.554Z] [INFO] [crawler] Fetching BRDR page 75...
[2025-08-06T09:00:59.557Z] [DEBUG] [crawler] API request payload | {"langCode":"eng","pageNumber":"75","pageSize":"20","sortBy":"RELEVANCE","docSrchCriteriaDtoList":[{"fieldCode":"version","valueList":["CURRENT"]},{"fieldCode":"language","valueList":["eng"]},{"fieldCode":"issueDateGrp","valueList":["ALL"]}]}
[2025-08-06T09:00:59.954Z] [INFO] [crawler] BRDR API response received: 20 documents, 1578 total records | {"pageNumber":75,"documentsCount":20,"totalRecords":1578,"statusCode":200}
[2025-08-06T09:01:00.075Z] [INFO] [crawler] Fetching BRDR page 76...
[2025-08-06T09:01:00.080Z] [DEBUG] [crawler] API request payload | {"langCode":"eng","pageNumber":"76","pageSize":"20","sortBy":"RELEVANCE","docSrchCriteriaDtoList":[{"fieldCode":"version","valueList":["CURRENT"]},{"fieldCode":"language","valueList":["eng"]},{"fieldCode":"issueDateGrp","valueList":["ALL"]}]}
[2025-08-06T09:01:00.434Z] [INFO] [crawler] BRDR API response received: 20 documents, 1578 total records | {"pageNumber":76,"documentsCount":20,"totalRecords":1578,"statusCode":200}
[2025-08-06T09:01:00.539Z] [INFO] [crawler] Fetching BRDR page 77...
[2025-08-06T09:01:00.540Z] [DEBUG] [crawler] API request payload | {"langCode":"eng","pageNumber":"77","pageSize":"20","sortBy":"RELEVANCE","docSrchCriteriaDtoList":[{"fieldCode":"version","valueList":["CURRENT"]},{"fieldCode":"language","valueList":["eng"]},{"fieldCode":"issueDateGrp","valueList":["ALL"]}]}
[2025-08-06T09:01:00.915Z] [INFO] [crawler] BRDR API response received: 20 documents, 1578 total records | {"pageNumber":77,"documentsCount":20,"totalRecords":1578,"statusCode":200}
[2025-08-06T09:01:01.033Z] [INFO] [crawler] Fetching BRDR page 78...
[2025-08-06T09:01:01.035Z] [DEBUG] [crawler] API request payload | {"langCode":"eng","pageNumber":"78","pageSize":"20","sortBy":"RELEVANCE","docSrchCriteriaDtoList":[{"fieldCode":"version","valueList":["CURRENT"]},{"fieldCode":"language","valueList":["eng"]},{"fieldCode":"issueDateGrp","valueList":["ALL"]}]}
[2025-08-06T09:01:01.484Z] [INFO] [crawler] BRDR API response received: 20 documents, 1578 total records | {"pageNumber":78,"documentsCount":20,"totalRecords":1578,"statusCode":200}
[2025-08-06T09:01:01.590Z] [INFO] [crawler] Fetching BRDR page 79...
[2025-08-06T09:01:01.594Z] [DEBUG] [crawler] API request payload | {"langCode":"eng","pageNumber":"79","pageSize":"20","sortBy":"RELEVANCE","docSrchCriteriaDtoList":[{"fieldCode":"version","valueList":["CURRENT"]},{"fieldCode":"language","valueList":["eng"]},{"fieldCode":"issueDateGrp","valueList":["ALL"]}]}
[2025-08-06T09:01:01.945Z] [INFO] [crawler] BRDR API response received: 18 documents, 1578 total records | {"pageNumber":79,"documentsCount":18,"totalRecords":1578,"statusCode":200}
